c:\users\nikit\source\repos\dron\dron\x64\debug\vc143.pdb
c:\users\nikit\source\repos\dron\dron\x64\debug\vc143.idb
c:\users\nikit\source\repos\dron\dron\x64\debug\2_point.obj
c:\users\nikit\source\repos\dron\dron\x64\debug\dron.obj
c:\users\nikit\source\repos\dron\dron\x64\debug\navigation.obj
c:\users\nikit\source\repos\dron\dron\x64\debug\dron.ilk
c:\users\nikit\source\repos\dron\x64\debug\dron.pdb
c:\users\nikit\source\repos\dron\dron\x64\debug\dron.tlog\cl.command.1.tlog
c:\users\nikit\source\repos\dron\dron\x64\debug\dron.tlog\cl.items.tlog
c:\users\nikit\source\repos\dron\dron\x64\debug\dron.tlog\cl.read.1.tlog
c:\users\nikit\source\repos\dron\dron\x64\debug\dron.tlog\cl.write.1.tlog
c:\users\nikit\source\repos\dron\dron\x64\debug\dron.tlog\link-cvtres.read.1.tlog
c:\users\nikit\source\repos\dron\dron\x64\debug\dron.tlog\link-cvtres.write.1.tlog
c:\users\nikit\source\repos\dron\dron\x64\debug\dron.tlog\link-rc.read.1.tlog
c:\users\nikit\source\repos\dron\dron\x64\debug\dron.tlog\link-rc.write.1.tlog
c:\users\nikit\source\repos\dron\dron\x64\debug\dron.tlog\link.7696-cvtres.read.1.tlog
c:\users\nikit\source\repos\dron\dron\x64\debug\dron.tlog\link.7696-cvtres.write.1.tlog
c:\users\nikit\source\repos\dron\dron\x64\debug\dron.tlog\link.7696-rc.read.1.tlog
c:\users\nikit\source\repos\dron\dron\x64\debug\dron.tlog\link.7696-rc.write.1.tlog
c:\users\nikit\source\repos\dron\dron\x64\debug\dron.tlog\link.7696.read.1.tlog
c:\users\nikit\source\repos\dron\dron\x64\debug\dron.tlog\link.7696.read.2.tlog
c:\users\nikit\source\repos\dron\dron\x64\debug\dron.tlog\link.7696.write.1.tlog
c:\users\nikit\source\repos\dron\dron\x64\debug\dron.tlog\link.command.1.tlog
c:\users\nikit\source\repos\dron\dron\x64\debug\dron.tlog\link.read.1.tlog
c:\users\nikit\source\repos\dron\dron\x64\debug\dron.tlog\link.read.2.tlog
c:\users\nikit\source\repos\dron\dron\x64\debug\dron.tlog\link.secondary.1.tlog
c:\users\nikit\source\repos\dron\dron\x64\debug\dron.tlog\link.write.1.tlog
